0    [main] INFO   - 	 ===First population===
1    [main] INFO   - 	 Initializing population...
45   [main] INFO   - 	 Mutating...
49   [main] INFO   - 	 Immigrating...
52   [main] INFO   - 	 Sorting...
28604 [main] INFO   - 	 Crossing over...
28620 [main] INFO   - 	 Sorting...
39318 [main] INFO   - 	 Culling...
39357 [main] INFO   - 	 Reporting...
39358 [main] INFO   - 	 gen=0, highest: fit=0.9835861111111112;[1, 5, 6, 8, 12, 20, 28, 30, 33, 42, 44, 46, 2, 3, 10, 13, 17, 24, 26, 35, 37, 38, 39, 45, 4, 9, 11, 15, 21, 23, 25, 27, 36, 40, 41, 48, 7, 14, 16, 18, 19, 22, 29, 31, 32, 34, 43, 47]
39358 [main] INFO   - 	 History of the highest (BFS-style)...
39358 [main] INFO   - 	 	INIT
39359 [main] INFO   - 	 gen=0, median: fit=0.9191833333333334;[5, 9, 12, 16, 25, 28, 33, 36, 40, 43, 44, 45, 1, 4, 10, 13, 20, 21, 27, 29, 35, 38, 39, 47, 8, 11, 14, 17, 18, 22, 23, 24, 26, 32, 37, 46, 2, 3, 6, 7, 15, 19, 30, 31, 34, 41, 42, 48]
39359 [main] INFO   - 	 Mutating...
39361 [main] INFO   - 	 Immigrating...
39362 [main] INFO   - 	 Sorting...
50049 [main] INFO   - 	 Crossing over...
50053 [main] INFO   - 	 Sorting...
60734 [main] INFO   - 	 Culling...
60745 [main] INFO   - 	 Reporting...
60745 [main] INFO   - 	 gen=1, highest: fit=0.9873138888888889;[2, 5, 9, 17, 22, 24, 26, 34, 35, 38, 39, 46, 1, 4, 12, 13, 15, 23, 29, 30, 32, 41, 43, 48, 3, 6, 8, 14, 18, 20, 25, 31, 36, 40, 44, 45, 7, 10, 11, 16, 19, 21, 27, 28, 33, 37, 42, 47]
60745 [main] INFO   - 	 History of the highest (BFS-style)...
60745 [main] INFO   - 	 	IMMIGRANT
60745 [main] INFO   - 	 gen=1, median: fit=0.9361777777777777;[1, 10, 13, 16, 27, 28, 35, 36, 37, 38, 40, 46, 2, 4, 5, 7, 18, 24, 25, 26, 32, 42, 43, 48, 8, 9, 14, 17, 19, 22, 23, 29, 31, 33, 39, 41, 3, 6, 11, 12, 15, 20, 21, 30, 34, 44, 45, 47]
60745 [main] INFO   - 	 Mutating...
60748 [main] INFO   - 	 Immigrating...
60749 [main] INFO   - 	 Sorting...
71424 [main] INFO   - 	 Crossing over...
71428 [main] INFO   - 	 Sorting...
82082 [main] INFO   - 	 Culling...
82097 [main] INFO   - 	 Reporting...
82097 [main] INFO   - 	 gen=2, highest: fit=0.9873138888888889;[2, 5, 9, 17, 22, 24, 26, 34, 35, 38, 39, 46, 1, 4, 12, 13, 15, 23, 29, 30, 32, 41, 43, 48, 3, 6, 8, 14, 18, 20, 25, 31, 36, 40, 44, 45, 7, 10, 11, 16, 19, 21, 27, 28, 33, 37, 42, 47]
82097 [main] INFO   - 	 History of the highest (BFS-style)...
82097 [main] INFO   - 	 	IMMIGRANT
82097 [main] INFO   - 	 gen=2, median: fit=0.9457527777777778;[4, 8, 13, 14, 15, 26, 31, 33, 35, 37, 43, 45, 1, 3, 10, 11, 12, 18, 29, 30, 36, 38, 42, 48, 7, 9, 16, 17, 19, 20, 21, 25, 28, 34, 39, 47, 2, 5, 6, 22, 23, 24, 27, 32, 40, 41, 44, 46]
82098 [main] INFO   - 	 Mutating...
82100 [main] INFO   - 	 Immigrating...
82101 [main] INFO   - 	 Sorting...
92748 [main] INFO   - 	 Crossing over...
92752 [main] INFO   - 	 Sorting...
103413 [main] INFO   - 	 Culling...
103423 [main] INFO   - 	 Reporting...
103424 [main] INFO   - 	 gen=3, highest: fit=0.9884194444444444;[2, 5, 9, 17, 22, 24, 26, 34, 35, 38, 39, 46, 1, 4, 12, 13, 15, 23, 29, 30, 32, 41, 43, 48, 3, 6, 8, 14, 18, 20, 25, 31, 36, 40, 44, 45, 7, 10, 11, 16, 19, 21, 27, 28, 33, 37, 42, 47]
103424 [main] INFO   - 	 History of the highest (BFS-style)...
103424 [main] INFO   - 	 	CROSSOVER
103424 [main] INFO   - 	 	CROSSOVER
103424 [main] INFO   - 	 	IMMIGRANT
103424 [main] INFO   - 	 	IMMIGRANT
103424 [main] INFO   - 	 	MUTANT
103424 [main] INFO   - 	 	INIT
103424 [main] INFO   - 	 gen=3, median: fit=0.9514583333333334;[5, 9, 12, 14, 20, 21, 27, 29, 34, 35, 43, 47, 1, 3, 7, 13, 15, 17, 23, 26, 44, 45, 46, 48, 4, 8, 16, 19, 22, 28, 30, 31, 33, 38, 39, 42, 2, 6, 10, 11, 18, 24, 25, 32, 36, 37, 40, 41]
103424 [main] INFO   - 	 Mutating...
103427 [main] INFO   - 	 Immigrating...
103428 [main] INFO   - 	 Sorting...
114074 [main] INFO   - 	 Crossing over...
114078 [main] INFO   - 	 Sorting...
124749 [main] INFO   - 	 Culling...
124764 [main] INFO   - 	 Reporting...
124764 [main] INFO   - 	 gen=4, highest: fit=0.9884194444444444;[2, 5, 9, 17, 22, 24, 26, 34, 35, 38, 39, 46, 1, 4, 12, 13, 15, 23, 29, 30, 32, 41, 43, 48, 3, 6, 8, 14, 18, 20, 25, 31, 36, 40, 44, 45, 7, 10, 11, 16, 19, 21, 27, 28, 33, 37, 42, 47]
124764 [main] INFO   - 	 History of the highest (BFS-style)...
124764 [main] INFO   - 	 	CROSSOVER
124764 [main] INFO   - 	 	CROSSOVER
124765 [main] INFO   - 	 	IMMIGRANT
124765 [main] INFO   - 	 	IMMIGRANT
124765 [main] INFO   - 	 	MUTANT
124765 [main] INFO   - 	 	INIT
124765 [main] INFO   - 	 gen=4, median: fit=0.9567583333333333;[3, 7, 8, 9, 19, 23, 32, 33, 35, 36, 41, 42, 2, 5, 11, 15, 20, 21, 24, 29, 38, 44, 46, 48, 1, 6, 12, 14, 16, 18, 26, 28, 31, 34, 43, 47, 4, 10, 13, 17, 22, 25, 27, 30, 37, 39, 40, 45]
124765 [main] INFO   - 	 Mutating...
124767 [main] INFO   - 	 Immigrating...
124768 [main] INFO   - 	 Sorting...
135428 [main] INFO   - 	 Crossing over...
135431 [main] INFO   - 	 Sorting...
146094 [main] INFO   - 	 Culling...
146104 [main] INFO   - 	 Reporting...
146104 [main] INFO   - 	 gen=5, highest: fit=0.9898083333333334;[2, 5, 9, 17, 22, 24, 26, 34, 35, 38, 39, 46, 1, 4, 12, 13, 15, 23, 29, 30, 32, 41, 43, 48, 3, 6, 8, 14, 18, 20, 25, 31, 36, 40, 44, 45, 7, 10, 11, 16, 19, 21, 27, 28, 33, 37, 42, 47]
146105 [main] INFO   - 	 History of the highest (BFS-style)...
146105 [main] INFO   - 	 	CROSSOVER
146105 [main] INFO   - 	 	CROSSOVER
146105 [main] INFO   - 	 	INIT
146105 [main] INFO   - 	 	CROSSOVER
146105 [main] INFO   - 	 	IMMIGRANT
146105 [main] INFO   - 	 	IMMIGRANT
146105 [main] INFO   - 	 	MUTANT
146105 [main] INFO   - 	 	INIT
146105 [main] INFO   - 	 gen=5, median: fit=0.9611527777777779;[2, 4, 7, 12, 15, 24, 34, 35, 36, 38, 39, 43, 6, 8, 9, 14, 16, 25, 27, 29, 30, 31, 45, 46, 1, 3, 5, 13, 17, 22, 23, 26, 32, 41, 44, 48, 10, 11, 18, 19, 20, 21, 28, 33, 37, 40, 42, 47]
146105 [main] INFO   - 	 Mutating...
146108 [main] INFO   - 	 Immigrating...
146109 [main] INFO   - 	 Sorting...
156768 [main] INFO   - 	 Crossing over...
156772 [main] INFO   - 	 Sorting...
167439 [main] INFO   - 	 Culling...
167449 [main] INFO   - 	 Reporting...
167449 [main] INFO   - 	 gen=6, highest: fit=0.9898083333333334;[2, 5, 9, 17, 22, 24, 26, 34, 35, 38, 39, 46, 1, 4, 12, 13, 15, 23, 29, 30, 32, 41, 43, 48, 3, 6, 8, 14, 18, 20, 25, 31, 36, 40, 44, 45, 7, 10, 11, 16, 19, 21, 27, 28, 33, 37, 42, 47]
167449 [main] INFO   - 	 History of the highest (BFS-style)...
167449 [main] INFO   - 	 	CROSSOVER
167449 [main] INFO   - 	 	CROSSOVER
167450 [main] INFO   - 	 	INIT
167450 [main] INFO   - 	 	CROSSOVER
167450 [main] INFO   - 	 	IMMIGRANT
167450 [main] INFO   - 	 	IMMIGRANT
167450 [main] INFO   - 	 	MUTANT
167450 [main] INFO   - 	 	INIT
167450 [main] INFO   - 	 gen=6, median: fit=0.9632944444444446;[5, 7, 12, 16, 19, 21, 24, 27, 36, 41, 43, 46, 3, 11, 13, 14, 22, 23, 28, 30, 35, 39, 40, 48, 2, 10, 17, 18, 25, 26, 29, 31, 33, 37, 44, 45, 1, 4, 6, 8, 9, 15, 20, 32, 34, 38, 42, 47]
167450 [main] INFO   - 	 Mutating...
167453 [main] INFO   - 	 Immigrating...
167454 [main] INFO   - 	 Sorting...
178142 [main] INFO   - 	 Crossing over...
178146 [main] INFO   - 	 Sorting...
188857 [main] INFO   - 	 Culling...
188867 [main] INFO   - 	 Reporting...
188868 [main] INFO   - 	 gen=7, highest: fit=0.9898083333333334;[2, 5, 9, 17, 22, 24, 26, 34, 35, 38, 39, 46, 1, 4, 12, 13, 15, 23, 29, 30, 32, 41, 43, 48, 3, 6, 8, 14, 18, 20, 25, 31, 36, 40, 44, 45, 7, 10, 11, 16, 19, 21, 27, 28, 33, 37, 42, 47]
188868 [main] INFO   - 	 History of the highest (BFS-style)...
188868 [main] INFO   - 	 	CROSSOVER
188868 [main] INFO   - 	 	CROSSOVER
188868 [main] INFO   - 	 	INIT
188868 [main] INFO   - 	 	CROSSOVER
188868 [main] INFO   - 	 	IMMIGRANT
188868 [main] INFO   - 	 	IMMIGRANT
188868 [main] INFO   - 	 	MUTANT
188868 [main] INFO   - 	 	INIT
188868 [main] INFO   - 	 gen=7, median: fit=0.9659472222222223;[3, 4, 5, 8, 15, 17, 24, 28, 39, 44, 46, 47, 6, 7, 10, 11, 12, 20, 22, 31, 32, 38, 42, 48, 1, 2, 16, 19, 23, 25, 27, 34, 35, 37, 40, 41, 9, 13, 14, 18, 21, 26, 29, 30, 33, 36, 43, 45]
188868 [main] INFO   - 	 Mutating...
188871 [main] INFO   - 	 Immigrating...
188872 [main] INFO   - 	 Sorting...
199542 [main] INFO   - 	 Crossing over...
199545 [main] INFO   - 	 Sorting...
210257 [main] INFO   - 	 Culling...
210267 [main] INFO   - 	 Reporting...
210267 [main] INFO   - 	 gen=8, highest: fit=0.9898083333333334;[2, 5, 9, 17, 22, 24, 26, 34, 35, 38, 39, 46, 1, 4, 12, 13, 15, 23, 29, 30, 32, 41, 43, 48, 3, 6, 8, 14, 18, 20, 25, 31, 36, 40, 44, 45, 7, 10, 11, 16, 19, 21, 27, 28, 33, 37, 42, 47]
210267 [main] INFO   - 	 History of the highest (BFS-style)...
210268 [main] INFO   - 	 	CROSSOVER
210268 [main] INFO   - 	 	CROSSOVER
210268 [main] INFO   - 	 	INIT
210268 [main] INFO   - 	 	CROSSOVER
210268 [main] INFO   - 	 	IMMIGRANT
210268 [main] INFO   - 	 	IMMIGRANT
210268 [main] INFO   - 	 	MUTANT
210268 [main] INFO   - 	 	INIT
210268 [main] INFO   - 	 gen=8, median: fit=0.9678666666666667;[1, 5, 8, 10, 15, 16, 29, 30, 38, 39, 43, 44, 2, 7, 13, 20, 22, 25, 26, 31, 33, 36, 40, 47, 3, 4, 6, 9, 14, 18, 19, 27, 41, 42, 46, 48, 11, 12, 17, 21, 23, 24, 28, 32, 34, 35, 37, 45]
210268 [main] INFO   - 	 Mutating...
210270 [main] INFO   - 	 Immigrating...
210271 [main] INFO   - 	 Sorting...
220944 [main] INFO   - 	 Crossing over...
220947 [main] INFO   - 	 Sorting...
231662 [main] INFO   - 	 Culling...
231679 [main] INFO   - 	 Reporting...
231679 [main] INFO   - 	 gen=9, highest: fit=0.9898083333333334;[2, 5, 9, 17, 22, 24, 26, 34, 35, 38, 39, 46, 1, 4, 12, 13, 15, 23, 29, 30, 32, 41, 43, 48, 3, 6, 8, 14, 18, 20, 25, 31, 36, 40, 44, 45, 7, 10, 11, 16, 19, 21, 27, 28, 33, 37, 42, 47]
231679 [main] INFO   - 	 History of the highest (BFS-style)...
231679 [main] INFO   - 	 	CROSSOVER
231679 [main] INFO   - 	 	CROSSOVER
231679 [main] INFO   - 	 	INIT
231679 [main] INFO   - 	 	CROSSOVER
231679 [main] INFO   - 	 	IMMIGRANT
231680 [main] INFO   - 	 	IMMIGRANT
231680 [main] INFO   - 	 	MUTANT
231680 [main] INFO   - 	 	INIT
231680 [main] INFO   - 	 gen=9, median: fit=0.9700805555555556;[4, 9, 10, 11, 16, 23, 26, 28, 39, 42, 43, 45, 1, 8, 14, 15, 20, 21, 22, 30, 34, 35, 41, 46, 2, 3, 12, 13, 18, 19, 31, 32, 37, 40, 44, 47, 5, 6, 7, 17, 24, 25, 27, 29, 33, 36, 38, 48]
231680 [main] INFO   - 	 ===Second population===
231680 [main] INFO   - 	 Initializing population...
231683 [main] INFO   - 	 Mutating...
231685 [main] INFO   - 	 Immigrating...
231686 [main] INFO   - 	 Sorting...
260463 [main] INFO   - 	 Crossing over...
260467 [main] INFO   - 	 Sorting...
271253 [main] INFO   - 	 Culling...
271263 [main] INFO   - 	 Reporting...
271263 [main] INFO   - 	 gen=0, highest: fit=0.9863527777777777;[2, 4, 7, 10, 14, 29, 31, 32, 33, 40, 41, 42, 9, 11, 12, 18, 19, 21, 22, 23, 34, 37, 47, 48, 5, 6, 13, 16, 24, 25, 26, 27, 35, 39, 43, 44, 1, 3, 8, 15, 17, 20, 28, 30, 36, 38, 45, 46]
271263 [main] INFO   - 	 History of the highest (BFS-style)...
271264 [main] INFO   - 	 	INIT
271264 [main] INFO   - 	 gen=0, median: fit=0.9234527777777778;[1, 2, 11, 13, 18, 22, 24, 28, 29, 34, 42, 46, 5, 8, 9, 10, 12, 15, 23, 38, 40, 41, 43, 44, 3, 4, 7, 16, 17, 21, 26, 31, 32, 33, 39, 48, 6, 14, 19, 20, 25, 27, 30, 35, 36, 37, 45, 47]
271264 [main] INFO   - 	 Mutating...
271265 [main] INFO   - 	 Immigrating...
271266 [main] INFO   - 	 Sorting...
282362 [main] INFO   - 	 Crossing over...
282365 [main] INFO   - 	 Sorting...
293469 [main] INFO   - 	 Culling...
293486 [main] INFO   - 	 Reporting...
293486 [main] INFO   - 	 gen=1, highest: fit=0.9863527777777777;[2, 4, 7, 10, 14, 29, 31, 32, 33, 40, 41, 42, 9, 11, 12, 18, 19, 21, 22, 23, 34, 37, 47, 48, 5, 6, 13, 16, 24, 25, 26, 27, 35, 39, 43, 44, 1, 3, 8, 15, 17, 20, 28, 30, 36, 38, 45, 46]
293486 [main] INFO   - 	 History of the highest (BFS-style)...
293486 [main] INFO   - 	 	INIT
293487 [main] INFO   - 	 gen=1, median: fit=0.9390722222222223;[1, 2, 5, 6, 7, 16, 22, 24, 34, 42, 45, 47, 4, 8, 9, 13, 15, 17, 27, 28, 33, 36, 43, 44, 10, 12, 14, 18, 23, 25, 30, 31, 37, 38, 40, 46, 3, 11, 19, 20, 21, 26, 29, 32, 35, 39, 41, 48]
293487 [main] INFO   - 	 Mutating...
293488 [main] INFO   - 	 Immigrating...
293489 [main] INFO   - 	 Sorting...
304158 [main] INFO   - 	 Crossing over...
304161 [main] INFO   - 	 Sorting...
314841 [main] INFO   - 	 Culling...
314851 [main] INFO   - 	 Reporting...
314851 [main] INFO   - 	 gen=2, highest: fit=0.9868888888888888;[2, 4, 7, 10, 14, 29, 31, 32, 33, 40, 41, 42, 9, 11, 12, 18, 19, 21, 22, 23, 34, 37, 47, 48, 5, 6, 13, 16, 24, 25, 26, 27, 35, 39, 43, 44, 1, 3, 8, 15, 17, 20, 28, 30, 36, 38, 45, 46]
314851 [main] INFO   - 	 History of the highest (BFS-style)...
314851 [main] INFO   - 	 	CROSSOVER
314851 [main] INFO   - 	 	CROSSOVER
314851 [main] INFO   - 	 	INIT
314851 [main] INFO   - 	 	MUTANT
314851 [main] INFO   - 	 	CROSSOVER
314851 [main] INFO   - 	 	INIT
314852 [main] INFO   - 	 	INIT
314852 [main] INFO   - 	 	MUTANT
314852 [main] INFO   - 	 	INIT
314852 [main] INFO   - 	 gen=2, median: fit=0.9457861111111111;[4, 5, 9, 12, 19, 20, 26, 27, 31, 33, 37, 48, 3, 10, 11, 15, 17, 21, 29, 30, 38, 39, 41, 46, 6, 7, 13, 18, 22, 23, 24, 25, 32, 36, 44, 47, 1, 2, 8, 14, 16, 28, 34, 35, 40, 42, 43, 45]
314852 [main] INFO   - 	 Mutating...
314854 [main] INFO   - 	 Immigrating...
314855 [main] INFO   - 	 Sorting...
325523 [main] INFO   - 	 Crossing over...
325525 [main] INFO   - 	 Sorting...
336210 [main] INFO   - 	 Culling...
336228 [main] INFO   - 	 Reporting...
336228 [main] INFO   - 	 gen=3, highest: fit=0.9879666666666668;[2, 4, 7, 10, 14, 29, 31, 32, 33, 40, 41, 42, 9, 11, 12, 18, 19, 21, 22, 23, 34, 37, 47, 48, 5, 6, 13, 16, 24, 25, 26, 27, 35, 39, 43, 44, 1, 3, 8, 15, 17, 20, 28, 30, 36, 38, 45, 46]
336228 [main] INFO   - 	 History of the highest (BFS-style)...
336228 [main] INFO   - 	 	CROSSOVER
336228 [main] INFO   - 	 	CROSSOVER
336228 [main] INFO   - 	 	INIT
336228 [main] INFO   - 	 	CROSSOVER
336228 [main] INFO   - 	 	INIT
336228 [main] INFO   - 	 	MUTANT
336228 [main] INFO   - 	 	CROSSOVER
336228 [main] INFO   - 	 	INIT
336228 [main] INFO   - 	 	INIT
336229 [main] INFO   - 	 	MUTANT
336229 [main] INFO   - 	 	INIT
336229 [main] INFO   - 	 gen=3, median: fit=0.9524027777777778;[1, 3, 19, 22, 23, 26, 29, 30, 32, 38, 41, 44, 2, 4, 6, 14, 18, 20, 25, 27, 31, 36, 46, 48, 5, 8, 9, 12, 15, 24, 33, 34, 37, 40, 45, 47, 7, 10, 11, 13, 16, 17, 21, 28, 35, 39, 42, 43]
336229 [main] INFO   - 	 Mutating...
336230 [main] INFO   - 	 Immigrating...
336231 [main] INFO   - 	 Sorting...
346901 [main] INFO   - 	 Crossing over...
346904 [main] INFO   - 	 Sorting...
357584 [main] INFO   - 	 Culling...
357594 [main] INFO   - 	 Reporting...
357594 [main] INFO   - 	 gen=4, highest: fit=0.9881611111111112;[2, 3, 4, 5, 19, 20, 30, 31, 35, 41, 42, 45, 1, 9, 12, 14, 16, 25, 26, 28, 32, 39, 44, 48, 8, 10, 11, 17, 18, 23, 27, 29, 34, 37, 43, 46, 6, 7, 13, 15, 21, 22, 24, 33, 36, 38, 40, 47]
357594 [main] INFO   - 	 History of the highest (BFS-style)...
357594 [main] INFO   - 	 	MUTANT
357595 [main] INFO   - 	 	CROSSOVER
357595 [main] INFO   - 	 	CROSSOVER
357595 [main] INFO   - 	 	IMMIGRANT
357595 [main] INFO   - 	 	MUTANT
357595 [main] INFO   - 	 	IMMIGRANT
357595 [main] INFO   - 	 	INIT
357595 [main] INFO   - 	 gen=4, median: fit=0.9567;[8, 9, 10, 11, 18, 29, 30, 32, 33, 43, 44, 47, 2, 13, 17, 21, 23, 25, 26, 28, 37, 38, 39, 41, 1, 5, 6, 12, 15, 19, 20, 24, 27, 42, 46, 48, 3, 4, 7, 14, 16, 22, 31, 34, 35, 36, 40, 45]
357595 [main] INFO   - 	 Mutating...
357597 [main] INFO   - 	 Immigrating...
357598 [main] INFO   - 	 Sorting...
368263 [main] INFO   - 	 Crossing over...
368265 [main] INFO   - 	 Sorting...
378944 [main] INFO   - 	 Culling...
378959 [main] INFO   - 	 Reporting...
378960 [main] INFO   - 	 gen=5, highest: fit=0.9881611111111112;[2, 3, 4, 5, 19, 20, 30, 31, 35, 41, 42, 45, 1, 9, 12, 14, 16, 25, 26, 28, 32, 39, 44, 48, 8, 10, 11, 17, 18, 23, 27, 29, 34, 37, 43, 46, 6, 7, 13, 15, 21, 22, 24, 33, 36, 38, 40, 47]
378960 [main] INFO   - 	 History of the highest (BFS-style)...
378960 [main] INFO   - 	 	MUTANT
378960 [main] INFO   - 	 	CROSSOVER
378960 [main] INFO   - 	 	CROSSOVER
378960 [main] INFO   - 	 	IMMIGRANT
378960 [main] INFO   - 	 	MUTANT
378960 [main] INFO   - 	 	IMMIGRANT
378960 [main] INFO   - 	 	INIT
378961 [main] INFO   - 	 gen=5, median: fit=0.9608305555555555;[1, 2, 4, 5, 13, 16, 30, 31, 32, 45, 46, 48, 7, 9, 10, 12, 22, 23, 25, 33, 34, 38, 44, 47, 11, 14, 15, 17, 19, 20, 27, 29, 35, 36, 37, 43, 3, 6, 8, 18, 21, 24, 26, 28, 39, 40, 41, 42]
378961 [main] INFO   - 	 Mutating...
378962 [main] INFO   - 	 Immigrating...
378964 [main] INFO   - 	 Sorting...
389629 [main] INFO   - 	 Crossing over...
389631 [main] INFO   - 	 Sorting...
400323 [main] INFO   - 	 Culling...
400332 [main] INFO   - 	 Reporting...
400332 [main] INFO   - 	 gen=6, highest: fit=0.9881972222222223;[2, 4, 7, 10, 14, 29, 31, 32, 33, 40, 41, 42, 9, 11, 12, 18, 19, 21, 22, 23, 34, 37, 47, 48, 5, 6, 13, 16, 24, 25, 26, 27, 35, 39, 43, 44, 1, 3, 8, 15, 17, 20, 28, 30, 36, 38, 45, 46]
400333 [main] INFO   - 	 History of the highest (BFS-style)...
400333 [main] INFO   - 	 	CROSSOVER
400333 [main] INFO   - 	 	CROSSOVER
400333 [main] INFO   - 	 	CROSSOVER
400333 [main] INFO   - 	 	CROSSOVER
400333 [main] INFO   - 	 	INIT
400333 [main] INFO   - 	 	CROSSOVER
400333 [main] INFO   - 	 	INIT
400333 [main] INFO   - 	 	CROSSOVER
400333 [main] INFO   - 	 	INIT
400333 [main] INFO   - 	 	CROSSOVER
400333 [main] INFO   - 	 	MUTANT
400333 [main] INFO   - 	 	MUTANT
400333 [main] INFO   - 	 	CROSSOVER
400333 [main] INFO   - 	 	MUTANT
400333 [main] INFO   - 	 	MUTANT
400333 [main] INFO   - 	 	INIT
400333 [main] INFO   - 	 	INIT
400334 [main] INFO   - 	 	INIT
400334 [main] INFO   - 	 	MUTANT
400334 [main] INFO   - 	 	INIT
400334 [main] INFO   - 	 	INIT
400334 [main] INFO   - 	 	INIT
400334 [main] INFO   - 	 gen=6, median: fit=0.9639583333333334;[6, 7, 12, 18, 21, 25, 27, 34, 36, 38, 40, 46, 2, 3, 5, 9, 19, 22, 23, 30, 32, 42, 44, 47, 1, 4, 10, 15, 16, 17, 24, 28, 31, 39, 41, 48, 8, 11, 13, 14, 20, 26, 29, 33, 35, 37, 43, 45]
400334 [main] INFO   - 	 Mutating...
400335 [main] INFO   - 	 Immigrating...
400336 [main] INFO   - 	 Sorting...
411002 [main] INFO   - 	 Crossing over...
411004 [main] INFO   - 	 Sorting...
421690 [main] INFO   - 	 Culling...
421704 [main] INFO   - 	 Reporting...
421705 [main] INFO   - 	 gen=7, highest: fit=0.9881972222222223;[2, 4, 7, 10, 14, 29, 31, 32, 33, 40, 41, 42, 9, 11, 12, 18, 19, 21, 22, 23, 34, 37, 47, 48, 5, 6, 13, 16, 24, 25, 26, 27, 35, 39, 43, 44, 1, 3, 8, 15, 17, 20, 28, 30, 36, 38, 45, 46]
421705 [main] INFO   - 	 History of the highest (BFS-style)...
421705 [main] INFO   - 	 	CROSSOVER
421705 [main] INFO   - 	 	CROSSOVER
421705 [main] INFO   - 	 	CROSSOVER
421705 [main] INFO   - 	 	CROSSOVER
421705 [main] INFO   - 	 	INIT
421705 [main] INFO   - 	 	CROSSOVER
421705 [main] INFO   - 	 	INIT
421705 [main] INFO   - 	 	CROSSOVER
421705 [main] INFO   - 	 	INIT
421705 [main] INFO   - 	 	CROSSOVER
421705 [main] INFO   - 	 	MUTANT
421706 [main] INFO   - 	 	MUTANT
421706 [main] INFO   - 	 	CROSSOVER
421706 [main] INFO   - 	 	MUTANT
421706 [main] INFO   - 	 	MUTANT
421706 [main] INFO   - 	 	INIT
421706 [main] INFO   - 	 	INIT
421706 [main] INFO   - 	 	INIT
421706 [main] INFO   - 	 	MUTANT
421706 [main] INFO   - 	 	INIT
421706 [main] INFO   - 	 	INIT
421706 [main] INFO   - 	 	INIT
421706 [main] INFO   - 	 gen=7, median: fit=0.9659916666666667;[2, 3, 11, 17, 21, 26, 27, 31, 35, 37, 42, 44, 1, 4, 7, 13, 16, 24, 28, 29, 32, 33, 40, 47, 8, 10, 12, 14, 20, 22, 23, 30, 38, 39, 43, 45, 5, 6, 9, 15, 18, 19, 25, 34, 36, 41, 46, 48]
421706 [main] INFO   - 	 Mutating...
421707 [main] INFO   - 	 Immigrating...
421708 [main] INFO   - 	 Sorting...
432379 [main] INFO   - 	 Crossing over...
432381 [main] INFO   - 	 Sorting...
443066 [main] INFO   - 	 Culling...
443076 [main] INFO   - 	 Reporting...
443076 [main] INFO   - 	 gen=8, highest: fit=0.9882444444444444;[4, 7, 12, 13, 17, 18, 21, 31, 39, 42, 43, 45, 5, 9, 14, 20, 22, 27, 28, 29, 30, 35, 40, 46, 3, 6, 11, 16, 19, 23, 26, 32, 34, 38, 41, 47, 1, 2, 8, 10, 15, 24, 25, 33, 36, 37, 44, 48]
443076 [main] INFO   - 	 History of the highest (BFS-style)...
443077 [main] INFO   - 	 	MUTANT
443077 [main] INFO   - 	 	CROSSOVER
443077 [main] INFO   - 	 	CROSSOVER
443077 [main] INFO   - 	 	CROSSOVER
443077 [main] INFO   - 	 	INIT
443077 [main] INFO   - 	 	MUTANT
443077 [main] INFO   - 	 	CROSSOVER
443077 [main] INFO   - 	 	MUTANT
443077 [main] INFO   - 	 	INIT
443077 [main] INFO   - 	 	CROSSOVER
443077 [main] INFO   - 	 	CROSSOVER
443077 [main] INFO   - 	 	CROSSOVER
443077 [main] INFO   - 	 	INIT
443077 [main] INFO   - 	 	IMMIGRANT
443077 [main] INFO   - 	 	INIT
443077 [main] INFO   - 	 	INIT
443078 [main] INFO   - 	 	INIT
443078 [main] INFO   - 	 	INIT
443078 [main] INFO   - 	 gen=8, median: fit=0.9682333333333334;[2, 6, 7, 20, 23, 25, 27, 31, 35, 39, 42, 47, 8, 9, 11, 14, 15, 17, 22, 32, 38, 40, 41, 48, 5, 10, 12, 13, 18, 21, 26, 28, 34, 36, 37, 46, 1, 3, 4, 16, 19, 24, 29, 30, 33, 43, 44, 45]
443078 [main] INFO   - 	 Mutating...
443079 [main] INFO   - 	 Immigrating...
443080 [main] INFO   - 	 Sorting...
453756 [main] INFO   - 	 Crossing over...
453759 [main] INFO   - 	 Sorting...
464443 [main] INFO   - 	 Culling...
464457 [main] INFO   - 	 Reporting...
464457 [main] INFO   - 	 gen=9, highest: fit=0.9882444444444444;[4, 7, 12, 13, 17, 18, 21, 31, 39, 42, 43, 45, 5, 9, 14, 20, 22, 27, 28, 29, 30, 35, 40, 46, 3, 6, 11, 16, 19, 23, 26, 32, 34, 38, 41, 47, 1, 2, 8, 10, 15, 24, 25, 33, 36, 37, 44, 48]
464457 [main] INFO   - 	 History of the highest (BFS-style)...
464457 [main] INFO   - 	 	MUTANT
464457 [main] INFO   - 	 	CROSSOVER
464457 [main] INFO   - 	 	CROSSOVER
464457 [main] INFO   - 	 	CROSSOVER
464457 [main] INFO   - 	 	INIT
464458 [main] INFO   - 	 	MUTANT
464458 [main] INFO   - 	 	CROSSOVER
464458 [main] INFO   - 	 	MUTANT
464458 [main] INFO   - 	 	INIT
464458 [main] INFO   - 	 	CROSSOVER
464458 [main] INFO   - 	 	CROSSOVER
464458 [main] INFO   - 	 	CROSSOVER
464458 [main] INFO   - 	 	INIT
464458 [main] INFO   - 	 	IMMIGRANT
464458 [main] INFO   - 	 	INIT
464458 [main] INFO   - 	 	INIT
464458 [main] INFO   - 	 	INIT
464458 [main] INFO   - 	 	INIT
464459 [main] INFO   - 	 gen=9, median: fit=0.9702555555555555;[1, 2, 6, 17, 26, 27, 31, 35, 36, 37, 40, 44, 7, 11, 12, 18, 20, 21, 24, 28, 39, 41, 42, 45, 5, 8, 9, 10, 14, 19, 25, 30, 33, 38, 43, 46, 3, 4, 13, 15, 16, 22, 23, 29, 32, 34, 47, 48]
464459 [main] INFO   - 	 ===Third population===
464459 [main] INFO   - 	 Initializing population...
464462 [main] INFO   - 	 Mutating...
464462 [main] INFO   - 	 Immigrating...
464464 [main] INFO   - 	 Sorting...
492896 [main] INFO   - 	 Crossing over...
492898 [main] INFO   - 	 Sorting...
503576 [main] INFO   - 	 Culling...
503586 [main] INFO   - 	 Reporting...
503586 [main] INFO   - 	 gen=0, highest: fit=0.9877444444444444;[7, 9, 11, 12, 21, 26, 30, 32, 34, 35, 40, 48, 1, 4, 6, 10, 19, 24, 25, 27, 31, 43, 45, 46, 3, 8, 15, 16, 20, 22, 23, 28, 36, 39, 42, 47, 2, 5, 13, 14, 17, 18, 29, 33, 37, 38, 41, 44]
503586 [main] INFO   - 	 History of the highest (BFS-style)...
503586 [main] INFO   - 	 	IMMIGRANT
503586 [main] INFO   - 	 gen=0, median: fit=0.9209583333333332;[6, 9, 10, 11, 12, 13, 18, 28, 40, 42, 45, 47, 4, 5, 7, 8, 14, 19, 21, 30, 31, 33, 34, 46, 1, 2, 15, 20, 23, 29, 32, 35, 36, 37, 41, 43, 3, 16, 17, 22, 24, 25, 26, 27, 38, 39, 44, 48]
503586 [main] INFO   - 	 Mutating...
503587 [main] INFO   - 	 Immigrating...
503588 [main] INFO   - 	 Sorting...
514274 [main] INFO   - 	 Crossing over...
514276 [main] INFO   - 	 Sorting...
525031 [main] INFO   - 	 Culling...
525045 [main] INFO   - 	 Reporting...
525045 [main] INFO   - 	 gen=1, highest: fit=0.9877444444444444;[7, 9, 11, 12, 21, 26, 30, 32, 34, 35, 40, 48, 1, 4, 6, 10, 19, 24, 25, 27, 31, 43, 45, 46, 3, 8, 15, 16, 20, 22, 23, 28, 36, 39, 42, 47, 2, 5, 13, 14, 17, 18, 29, 33, 37, 38, 41, 44]
525046 [main] INFO   - 	 History of the highest (BFS-style)...
525046 [main] INFO   - 	 	IMMIGRANT
525046 [main] INFO   - 	 gen=1, median: fit=0.9341305555555556;[2, 10, 14, 15, 20, 29, 30, 32, 33, 34, 45, 48, 1, 4, 11, 17, 21, 23, 27, 38, 39, 41, 42, 46, 5, 6, 13, 18, 19, 26, 28, 31, 35, 36, 37, 43, 3, 7, 8, 9, 12, 16, 22, 24, 25, 40, 44, 47]
525046 [main] INFO   - 	 Mutating...
525046 [main] INFO   - 	 Immigrating...
525047 [main] INFO   - 	 Sorting...
535795 [main] INFO   - 	 Crossing over...
535797 [main] INFO   - 	 Sorting...
546480 [main] INFO   - 	 Culling...
546490 [main] INFO   - 	 Reporting...
546490 [main] INFO   - 	 gen=2, highest: fit=0.9899916666666666;[2, 6, 12, 13, 22, 25, 26, 28, 37, 38, 40, 47, 3, 4, 5, 15, 20, 29, 31, 32, 35, 36, 42, 44, 1, 8, 9, 18, 19, 21, 24, 27, 30, 41, 43, 48, 7, 10, 11, 14, 16, 17, 23, 33, 34, 39, 45, 46]
546490 [main] INFO   - 	 History of the highest (BFS-style)...
546490 [main] INFO   - 	 	CROSSOVER
546490 [main] INFO   - 	 	CROSSOVER
546490 [main] INFO   - 	 	IMMIGRANT
546490 [main] INFO   - 	 	INIT
546490 [main] INFO   - 	 	INIT
546491 [main] INFO   - 	 gen=2, median: fit=0.9455944444444445;[2, 8, 9, 14, 16, 23, 33, 34, 37, 40, 41, 45, 5, 7, 11, 13, 15, 17, 20, 25, 31, 35, 44, 48, 3, 6, 12, 22, 24, 26, 29, 32, 38, 39, 42, 47, 1, 4, 10, 18, 19, 21, 27, 28, 30, 36, 43, 46]
546491 [main] INFO   - 	 Mutating...
546491 [main] INFO   - 	 Immigrating...
546492 [main] INFO   - 	 Sorting...
557221 [main] INFO   - 	 Crossing over...
557223 [main] INFO   - 	 Sorting...
568016 [main] INFO   - 	 Culling...
568028 [main] INFO   - 	 Reporting...
568029 [main] INFO   - 	 gen=3, highest: fit=0.9911472222222223;[2, 6, 12, 13, 22, 25, 26, 28, 37, 38, 40, 47, 3, 4, 5, 15, 20, 29, 31, 32, 35, 36, 42, 44, 1, 8, 9, 18, 19, 21, 24, 27, 30, 41, 43, 48, 7, 10, 11, 14, 16, 17, 23, 33, 34, 39, 45, 46]
568029 [main] INFO   - 	 History of the highest (BFS-style)...
568029 [main] INFO   - 	 	CROSSOVER
568029 [main] INFO   - 	 	CROSSOVER
568029 [main] INFO   - 	 	IMMIGRANT
568029 [main] INFO   - 	 	CROSSOVER
568029 [main] INFO   - 	 	IMMIGRANT
568029 [main] INFO   - 	 	INIT
568029 [main] INFO   - 	 	INIT
568030 [main] INFO   - 	 gen=3, median: fit=0.9525305555555557;[5, 7, 12, 15, 19, 20, 24, 30, 33, 36, 38, 45, 3, 11, 13, 14, 22, 26, 27, 28, 31, 32, 44, 48, 1, 2, 4, 8, 21, 23, 25, 29, 34, 42, 43, 47, 6, 9, 10, 16, 17, 18, 35, 37, 39, 40, 41, 46]
568030 [main] INFO   - 	 Mutating...
568030 [main] INFO   - 	 Immigrating...
568031 [main] INFO   - 	 Sorting...
578732 [main] INFO   - 	 Crossing over...
578734 [main] INFO   - 	 Sorting...
589437 [main] INFO   - 	 Culling...
589447 [main] INFO   - 	 Reporting...
589447 [main] INFO   - 	 gen=4, highest: fit=0.9911472222222223;[2, 6, 12, 13, 22, 25, 26, 28, 37, 38, 40, 47, 3, 4, 5, 15, 20, 29, 31, 32, 35, 36, 42, 44, 1, 8, 9, 18, 19, 21, 24, 27, 30, 41, 43, 48, 7, 10, 11, 14, 16, 17, 23, 33, 34, 39, 45, 46]
589447 [main] INFO   - 	 History of the highest (BFS-style)...
589447 [main] INFO   - 	 	CROSSOVER
589448 [main] INFO   - 	 	CROSSOVER
589448 [main] INFO   - 	 	IMMIGRANT
589448 [main] INFO   - 	 	CROSSOVER
589448 [main] INFO   - 	 	IMMIGRANT
589448 [main] INFO   - 	 	INIT
589448 [main] INFO   - 	 	INIT
589448 [main] INFO   - 	 gen=4, median: fit=0.9567638888888889;[9, 11, 15, 17, 18, 22, 31, 32, 36, 38, 39, 45, 3, 4, 10, 13, 16, 19, 24, 26, 35, 40, 41, 46, 1, 7, 8, 21, 27, 28, 29, 30, 33, 34, 37, 43, 2, 5, 6, 12, 14, 20, 23, 25, 42, 44, 47, 48]
589448 [main] INFO   - 	 Mutating...
589449 [main] INFO   - 	 Immigrating...
589450 [main] INFO   - 	 Sorting...
600154 [main] INFO   - 	 Crossing over...
600157 [main] INFO   - 	 Sorting...
610879 [main] INFO   - 	 Culling...
610891 [main] INFO   - 	 Reporting...
610892 [main] INFO   - 	 gen=5, highest: fit=0.9911472222222223;[2, 6, 12, 13, 22, 25, 26, 28, 37, 38, 40, 47, 3, 4, 5, 15, 20, 29, 31, 32, 35, 36, 42, 44, 1, 8, 9, 18, 19, 21, 24, 27, 30, 41, 43, 48, 7, 10, 11, 14, 16, 17, 23, 33, 34, 39, 45, 46]
610892 [main] INFO   - 	 History of the highest (BFS-style)...
610892 [main] INFO   - 	 	CROSSOVER
610892 [main] INFO   - 	 	CROSSOVER
610892 [main] INFO   - 	 	IMMIGRANT
610892 [main] INFO   - 	 	CROSSOVER
610892 [main] INFO   - 	 	IMMIGRANT
610892 [main] INFO   - 	 	INIT
610892 [main] INFO   - 	 	INIT
610892 [main] INFO   - 	 gen=5, median: fit=0.9604277777777778;[5, 12, 16, 18, 23, 26, 27, 31, 34, 35, 41, 47, 2, 7, 9, 14, 15, 17, 25, 28, 36, 40, 44, 46, 4, 10, 13, 19, 20, 24, 29, 30, 32, 39, 45, 48, 1, 3, 6, 8, 11, 21, 22, 33, 37, 38, 42, 43]
610892 [main] INFO   - 	 Mutating...
610893 [main] INFO   - 	 Immigrating...
610894 [main] INFO   - 	 Sorting...
621597 [main] INFO   - 	 Crossing over...
621599 [main] INFO   - 	 Sorting...
632310 [main] INFO   - 	 Culling...
632320 [main] INFO   - 	 Reporting...
632320 [main] INFO   - 	 gen=6, highest: fit=0.9911472222222223;[2, 6, 12, 13, 22, 25, 26, 28, 37, 38, 40, 47, 3, 4, 5, 15, 20, 29, 31, 32, 35, 36, 42, 44, 1, 8, 9, 18, 19, 21, 24, 27, 30, 41, 43, 48, 7, 10, 11, 14, 16, 17, 23, 33, 34, 39, 45, 46]
632320 [main] INFO   - 	 History of the highest (BFS-style)...
632320 [main] INFO   - 	 	CROSSOVER
632320 [main] INFO   - 	 	CROSSOVER
632320 [main] INFO   - 	 	IMMIGRANT
632320 [main] INFO   - 	 	CROSSOVER
632321 [main] INFO   - 	 	IMMIGRANT
632321 [main] INFO   - 	 	INIT
632321 [main] INFO   - 	 	INIT
632321 [main] INFO   - 	 gen=6, median: fit=0.9635666666666666;[1, 2, 12, 16, 21, 26, 29, 34, 35, 38, 41, 48, 3, 9, 13, 14, 15, 18, 20, 31, 36, 42, 43, 45, 7, 8, 10, 19, 22, 23, 27, 28, 32, 33, 40, 44, 4, 5, 6, 11, 17, 24, 25, 30, 37, 39, 46, 47]
632321 [main] INFO   - 	 Mutating...
632322 [main] INFO   - 	 Immigrating...
632323 [main] INFO   - 	 Sorting...
643024 [main] INFO   - 	 Crossing over...
643027 [main] INFO   - 	 Sorting...
653745 [main] INFO   - 	 Culling...
653758 [main] INFO   - 	 Reporting...
653758 [main] INFO   - 	 gen=7, highest: fit=0.9911472222222223;[2, 6, 12, 13, 22, 25, 26, 28, 37, 38, 40, 47, 3, 4, 5, 15, 20, 29, 31, 32, 35, 36, 42, 44, 1, 8, 9, 18, 19, 21, 24, 27, 30, 41, 43, 48, 7, 10, 11, 14, 16, 17, 23, 33, 34, 39, 45, 46]
653758 [main] INFO   - 	 History of the highest (BFS-style)...
653758 [main] INFO   - 	 	CROSSOVER
653758 [main] INFO   - 	 	CROSSOVER
653758 [main] INFO   - 	 	IMMIGRANT
653758 [main] INFO   - 	 	CROSSOVER
653758 [main] INFO   - 	 	IMMIGRANT
653758 [main] INFO   - 	 	INIT
653758 [main] INFO   - 	 	INIT
653758 [main] INFO   - 	 gen=7, median: fit=0.9659416666666667;[2, 6, 9, 12, 19, 24, 25, 26, 33, 36, 46, 47, 8, 15, 17, 21, 23, 27, 29, 32, 37, 39, 41, 42, 3, 4, 7, 14, 18, 22, 30, 31, 35, 38, 40, 45, 1, 5, 10, 11, 13, 16, 20, 28, 34, 43, 44, 48]
653758 [main] INFO   - 	 Mutating...
653759 [main] INFO   - 	 Immigrating...
653760 [main] INFO   - 	 Sorting...
664461 [main] INFO   - 	 Crossing over...
664464 [main] INFO   - 	 Sorting...
675174 [main] INFO   - 	 Culling...
675183 [main] INFO   - 	 Reporting...
675184 [main] INFO   - 	 gen=8, highest: fit=0.9911472222222223;[2, 6, 12, 13, 22, 25, 26, 28, 37, 38, 40, 47, 3, 4, 5, 15, 20, 29, 31, 32, 35, 36, 42, 44, 1, 8, 9, 18, 19, 21, 24, 27, 30, 41, 43, 48, 7, 10, 11, 14, 16, 17, 23, 33, 34, 39, 45, 46]
675184 [main] INFO   - 	 History of the highest (BFS-style)...
675184 [main] INFO   - 	 	CROSSOVER
675184 [main] INFO   - 	 	CROSSOVER
675184 [main] INFO   - 	 	IMMIGRANT
675184 [main] INFO   - 	 	CROSSOVER
675184 [main] INFO   - 	 	IMMIGRANT
675184 [main] INFO   - 	 	INIT
675184 [main] INFO   - 	 	INIT
675184 [main] INFO   - 	 gen=8, median: fit=0.9688722222222221;[4, 5, 9, 10, 20, 26, 27, 31, 33, 38, 46, 48, 12, 13, 14, 15, 16, 18, 30, 34, 37, 40, 42, 44, 2, 3, 7, 8, 11, 21, 24, 32, 35, 39, 43, 45, 1, 6, 17, 19, 22, 23, 25, 28, 29, 36, 41, 47]
675184 [main] INFO   - 	 Mutating...
675185 [main] INFO   - 	 Immigrating...
675186 [main] INFO   - 	 Sorting...
685901 [main] INFO   - 	 Crossing over...
685904 [main] INFO   - 	 Sorting...
696631 [main] INFO   - 	 Culling...
696644 [main] INFO   - 	 Reporting...
696644 [main] INFO   - 	 gen=9, highest: fit=0.9920444444444444;[2, 4, 8, 16, 23, 25, 28, 29, 30, 37, 42, 48, 5, 9, 11, 13, 18, 24, 27, 32, 33, 36, 43, 47, 3, 6, 10, 15, 17, 20, 22, 31, 38, 39, 44, 45, 1, 7, 12, 14, 19, 21, 26, 34, 35, 40, 41, 46]
696644 [main] INFO   - 	 History of the highest (BFS-style)...
696644 [main] INFO   - 	 	CROSSOVER
696644 [main] INFO   - 	 	IMMIGRANT
696644 [main] INFO   - 	 	CROSSOVER
696645 [main] INFO   - 	 	IMMIGRANT
696645 [main] INFO   - 	 	IMMIGRANT
696645 [main] INFO   - 	 gen=9, median: fit=0.9705444444444445;[7, 9, 13, 15, 18, 20, 22, 27, 31, 40, 45, 47, 1, 2, 6, 8, 21, 28, 29, 33, 39, 41, 43, 46, 3, 11, 12, 16, 17, 23, 24, 32, 34, 38, 42, 44, 4, 5, 10, 14, 19, 25, 26, 30, 35, 36, 37, 48]
696645 [main] INFO   - 	 ===Evolving Main Population===
696645 [main] INFO   - 	 Mutating...
696648 [main] INFO   - 	 Immigrating...
696649 [main] INFO   - 	 Sorting...
707364 [main] INFO   - 	 Crossing over...
707367 [main] INFO   - 	 Sorting...
718067 [main] INFO   - 	 Culling...
718077 [main] INFO   - 	 Reporting...
718077 [main] INFO   - 	 gen=0, highest: fit=0.9949111111111111;[2, 6, 12, 13, 22, 25, 26, 28, 37, 38, 40, 47, 3, 4, 5, 15, 20, 29, 31, 32, 35, 36, 42, 44, 1, 8, 9, 18, 19, 21, 24, 27, 30, 41, 43, 48, 7, 10, 11, 14, 16, 17, 23, 33, 34, 39, 45, 46]
718077 [main] INFO   - 	 History of the highest (BFS-style)...
718078 [main] INFO   - 	 	CROSSOVER
718078 [main] INFO   - 	 	CROSSOVER
718078 [main] INFO   - 	 	IMMIGRANT
718078 [main] INFO   - 	 	CROSSOVER
718078 [main] INFO   - 	 	IMMIGRANT
718078 [main] INFO   - 	 	CROSSOVER
718078 [main] INFO   - 	 	IMMIGRANT
718078 [main] INFO   - 	 	INIT
718078 [main] INFO   - 	 	INIT
718078 [main] INFO   - 	 gen=0, median: fit=0.9784527777777777;[3, 6, 11, 16, 18, 21, 23, 28, 34, 39, 43, 47, 4, 5, 8, 9, 10, 22, 25, 33, 35, 37, 41, 48, 2, 13, 15, 17, 20, 29, 30, 31, 32, 36, 42, 45, 1, 7, 12, 14, 19, 24, 26, 27, 38, 40, 44, 46]
718078 [main] INFO   - 	 Mutating...
718081 [main] INFO   - 	 Immigrating...
718082 [main] INFO   - 	 Sorting...
728795 [main] INFO   - 	 Crossing over...
728797 [main] INFO   - 	 Sorting...
739501 [main] INFO   - 	 Culling...
739511 [main] INFO   - 	 Reporting...
739511 [main] INFO   - 	 gen=1, highest: fit=0.9949111111111111;[2, 6, 12, 13, 22, 25, 26, 28, 37, 38, 40, 47, 3, 4, 5, 15, 20, 29, 31, 32, 35, 36, 42, 44, 1, 8, 9, 18, 19, 21, 24, 27, 30, 41, 43, 48, 7, 10, 11, 14, 16, 17, 23, 33, 34, 39, 45, 46]
739511 [main] INFO   - 	 History of the highest (BFS-style)...
739511 [main] INFO   - 	 	CROSSOVER
739511 [main] INFO   - 	 	CROSSOVER
739511 [main] INFO   - 	 	IMMIGRANT
739511 [main] INFO   - 	 	CROSSOVER
739511 [main] INFO   - 	 	IMMIGRANT
739511 [main] INFO   - 	 	CROSSOVER
739511 [main] INFO   - 	 	IMMIGRANT
739511 [main] INFO   - 	 	INIT
739511 [main] INFO   - 	 	INIT
739512 [main] INFO   - 	 gen=1, median: fit=0.9793833333333333;[7, 9, 11, 13, 15, 18, 21, 29, 32, 43, 46, 48, 2, 3, 4, 6, 20, 24, 28, 36, 37, 39, 42, 44, 1, 8, 10, 19, 22, 23, 26, 31, 33, 34, 38, 47, 5, 12, 14, 16, 17, 25, 27, 30, 35, 40, 41, 45]
739512 [main] INFO   - 	 Mutating...
739514 [main] INFO   - 	 Immigrating...
739515 [main] INFO   - 	 Sorting...
750232 [main] INFO   - 	 Crossing over...
750235 [main] INFO   - 	 Sorting...
760932 [main] INFO   - 	 Culling...
760945 [main] INFO   - 	 Reporting...
760946 [main] INFO   - 	 gen=2, highest: fit=0.9949111111111111;[2, 6, 12, 13, 22, 25, 26, 28, 37, 38, 40, 47, 3, 4, 5, 15, 20, 29, 31, 32, 35, 36, 42, 44, 1, 8, 9, 18, 19, 21, 24, 27, 30, 41, 43, 48, 7, 10, 11, 14, 16, 17, 23, 33, 34, 39, 45, 46]
760946 [main] INFO   - 	 History of the highest (BFS-style)...
760946 [main] INFO   - 	 	CROSSOVER
760946 [main] INFO   - 	 	CROSSOVER
760946 [main] INFO   - 	 	IMMIGRANT
760946 [main] INFO   - 	 	CROSSOVER
760946 [main] INFO   - 	 	IMMIGRANT
760946 [main] INFO   - 	 	CROSSOVER
760946 [main] INFO   - 	 	IMMIGRANT
760946 [main] INFO   - 	 	INIT
760946 [main] INFO   - 	 	INIT
760946 [main] INFO   - 	 gen=2, median: fit=0.9801916666666667;[2, 4, 9, 15, 18, 20, 24, 25, 26, 43, 45, 48, 3, 5, 7, 16, 17, 22, 28, 30, 38, 39, 42, 46, 1, 8, 12, 13, 19, 21, 31, 33, 34, 37, 44, 47, 6, 10, 11, 14, 23, 27, 29, 32, 35, 36, 40, 41]
760946 [main] INFO   - 	 Mutating...
760949 [main] INFO   - 	 Immigrating...
760950 [main] INFO   - 	 Sorting...
771665 [main] INFO   - 	 Crossing over...
771667 [main] INFO   - 	 Sorting...
782372 [main] INFO   - 	 Culling...
782382 [main] INFO   - 	 Reporting...
782382 [main] INFO   - 	 gen=3, highest: fit=0.9949111111111111;[2, 6, 12, 13, 22, 25, 26, 28, 37, 38, 40, 47, 3, 4, 5, 15, 20, 29, 31, 32, 35, 36, 42, 44, 1, 8, 9, 18, 19, 21, 24, 27, 30, 41, 43, 48, 7, 10, 11, 14, 16, 17, 23, 33, 34, 39, 45, 46]
782382 [main] INFO   - 	 History of the highest (BFS-style)...
782382 [main] INFO   - 	 	CROSSOVER
782382 [main] INFO   - 	 	CROSSOVER
782382 [main] INFO   - 	 	IMMIGRANT
782383 [main] INFO   - 	 	CROSSOVER
782383 [main] INFO   - 	 	IMMIGRANT
782383 [main] INFO   - 	 	CROSSOVER
782383 [main] INFO   - 	 	IMMIGRANT
782383 [main] INFO   - 	 	INIT
782383 [main] INFO   - 	 	INIT
782383 [main] INFO   - 	 gen=3, median: fit=0.9809361111111111;[6, 7, 8, 13, 15, 16, 25, 27, 35, 41, 45, 46, 5, 10, 14, 17, 19, 21, 23, 26, 39, 40, 42, 43, 4, 9, 11, 12, 18, 20, 29, 31, 33, 36, 44, 47, 1, 2, 3, 22, 24, 28, 30, 32, 34, 37, 38, 48]
782383 [main] INFO   - 	 Mutating...
782386 [main] INFO   - 	 Immigrating...
782387 [main] INFO   - 	 Sorting...
793105 [main] INFO   - 	 Crossing over...
793107 [main] INFO   - 	 Sorting...
803813 [main] INFO   - 	 Culling...
803826 [main] INFO   - 	 Reporting...
803826 [main] INFO   - 	 gen=4, highest: fit=0.9949111111111111;[2, 6, 12, 13, 22, 25, 26, 28, 37, 38, 40, 47, 3, 4, 5, 15, 20, 29, 31, 32, 35, 36, 42, 44, 1, 8, 9, 18, 19, 21, 24, 27, 30, 41, 43, 48, 7, 10, 11, 14, 16, 17, 23, 33, 34, 39, 45, 46]
803826 [main] INFO   - 	 History of the highest (BFS-style)...
803826 [main] INFO   - 	 	CROSSOVER
803826 [main] INFO   - 	 	CROSSOVER
803826 [main] INFO   - 	 	IMMIGRANT
803826 [main] INFO   - 	 	CROSSOVER
803826 [main] INFO   - 	 	IMMIGRANT
803826 [main] INFO   - 	 	CROSSOVER
803826 [main] INFO   - 	 	IMMIGRANT
803826 [main] INFO   - 	 	INIT
803826 [main] INFO   - 	 	INIT
803827 [main] INFO   - 	 gen=4, median: fit=0.9815805555555556;[4, 5, 7, 18, 19, 22, 26, 30, 33, 36, 46, 47, 2, 3, 8, 14, 16, 20, 29, 31, 34, 37, 40, 48, 6, 10, 12, 13, 15, 27, 28, 32, 38, 39, 42, 45, 1, 9, 11, 17, 21, 23, 24, 25, 35, 41, 43, 44]
803827 [main] INFO   - 	 Mutating...
803830 [main] INFO   - 	 Immigrating...
803830 [main] INFO   - 	 Sorting...
814619 [main] INFO   - 	 Crossing over...
814621 [main] INFO   - 	 Sorting...
825328 [main] INFO   - 	 Culling...
825340 [main] INFO   - 	 Reporting...
825340 [main] INFO   - 	 gen=5, highest: fit=0.9949111111111111;[2, 6, 12, 13, 22, 25, 26, 28, 37, 38, 40, 47, 3, 4, 5, 15, 20, 29, 31, 32, 35, 36, 42, 44, 1, 8, 9, 18, 19, 21, 24, 27, 30, 41, 43, 48, 7, 10, 11, 14, 16, 17, 23, 33, 34, 39, 45, 46]
825341 [main] INFO   - 	 History of the highest (BFS-style)...
825341 [main] INFO   - 	 	CROSSOVER
825341 [main] INFO   - 	 	CROSSOVER
825341 [main] INFO   - 	 	IMMIGRANT
825341 [main] INFO   - 	 	CROSSOVER
825341 [main] INFO   - 	 	IMMIGRANT
825341 [main] INFO   - 	 	CROSSOVER
825341 [main] INFO   - 	 	IMMIGRANT
825341 [main] INFO   - 	 	INIT
825341 [main] INFO   - 	 	INIT
825341 [main] INFO   - 	 gen=5, median: fit=0.9822305555555556;[6, 7, 8, 13, 15, 16, 25, 27, 35, 41, 45, 46, 4, 11, 12, 18, 22, 23, 28, 29, 32, 39, 40, 48, 5, 10, 14, 17, 19, 21, 31, 33, 37, 38, 42, 43, 1, 2, 3, 9, 20, 24, 26, 30, 34, 36, 44, 47]
825341 [main] INFO   - 	 Mutating...
825344 [main] INFO   - 	 Immigrating...
825345 [main] INFO   - 	 Sorting...
836137 [main] INFO   - 	 Crossing over...
836140 [main] INFO   - 	 Sorting...
846851 [main] INFO   - 	 Culling...
846861 [main] INFO   - 	 Reporting...
846861 [main] INFO   - 	 gen=6, highest: fit=0.9949111111111111;[2, 6, 12, 13, 22, 25, 26, 28, 37, 38, 40, 47, 3, 4, 5, 15, 20, 29, 31, 32, 35, 36, 42, 44, 1, 8, 9, 18, 19, 21, 24, 27, 30, 41, 43, 48, 7, 10, 11, 14, 16, 17, 23, 33, 34, 39, 45, 46]
846861 [main] INFO   - 	 History of the highest (BFS-style)...
846862 [main] INFO   - 	 	CROSSOVER
846862 [main] INFO   - 	 	CROSSOVER
846862 [main] INFO   - 	 	IMMIGRANT
846862 [main] INFO   - 	 	CROSSOVER
846862 [main] INFO   - 	 	IMMIGRANT
846862 [main] INFO   - 	 	CROSSOVER
846862 [main] INFO   - 	 	IMMIGRANT
846862 [main] INFO   - 	 	INIT
846862 [main] INFO   - 	 	INIT
846862 [main] INFO   - 	 gen=6, median: fit=0.9828444444444445;[3, 4, 8, 14, 18, 24, 27, 31, 32, 40, 44, 47, 2, 5, 11, 16, 19, 25, 30, 34, 36, 39, 41, 42, 7, 9, 12, 13, 17, 20, 21, 22, 28, 43, 45, 46, 1, 6, 10, 15, 23, 26, 29, 33, 35, 37, 38, 48]
846862 [main] INFO   - 	 Mutating...
846865 [main] INFO   - 	 Immigrating...
846866 [main] INFO   - 	 Sorting...
857661 [main] INFO   - 	 Crossing over...
857663 [main] INFO   - 	 Sorting...
868366 [main] INFO   - 	 Culling...
868379 [main] INFO   - 	 Reporting...
868379 [main] INFO   - 	 gen=7, highest: fit=0.9949111111111111;[2, 6, 12, 13, 22, 25, 26, 28, 37, 38, 40, 47, 3, 4, 5, 15, 20, 29, 31, 32, 35, 36, 42, 44, 1, 8, 9, 18, 19, 21, 24, 27, 30, 41, 43, 48, 7, 10, 11, 14, 16, 17, 23, 33, 34, 39, 45, 46]
868379 [main] INFO   - 	 History of the highest (BFS-style)...
868379 [main] INFO   - 	 	CROSSOVER
868379 [main] INFO   - 	 	CROSSOVER
868379 [main] INFO   - 	 	IMMIGRANT
868379 [main] INFO   - 	 	CROSSOVER
868379 [main] INFO   - 	 	IMMIGRANT
868379 [main] INFO   - 	 	CROSSOVER
868379 [main] INFO   - 	 	IMMIGRANT
868379 [main] INFO   - 	 	INIT
868380 [main] INFO   - 	 	INIT
868380 [main] INFO   - 	 gen=7, median: fit=0.9834138888888889;[1, 3, 8, 9, 24, 27, 29, 30, 33, 36, 42, 46, 5, 6, 7, 16, 17, 19, 21, 28, 31, 40, 47, 48, 2, 10, 11, 12, 15, 23, 26, 34, 35, 39, 43, 45, 4, 13, 14, 18, 20, 22, 25, 32, 37, 38, 41, 44]
868380 [main] INFO   - 	 Mutating...
868383 [main] INFO   - 	 Immigrating...
868384 [main] INFO   - 	 Sorting...
879182 [main] INFO   - 	 Crossing over...
879184 [main] INFO   - 	 Sorting...
889885 [main] INFO   - 	 Culling...
889897 [main] INFO   - 	 Reporting...
889898 [main] INFO   - 	 gen=8, highest: fit=0.9953916666666666;[2, 6, 12, 13, 22, 25, 26, 28, 37, 38, 40, 47, 3, 4, 5, 15, 20, 29, 31, 32, 35, 36, 42, 44, 1, 8, 9, 18, 19, 21, 24, 27, 30, 41, 43, 48, 7, 10, 11, 14, 16, 17, 23, 33, 34, 39, 45, 46]
889898 [main] INFO   - 	 History of the highest (BFS-style)...
889898 [main] INFO   - 	 	CROSSOVER
889898 [main] INFO   - 	 	CROSSOVER
889898 [main] INFO   - 	 	CROSSOVER
889898 [main] INFO   - 	 	CROSSOVER
889898 [main] INFO   - 	 	CROSSOVER
889898 [main] INFO   - 	 	CROSSOVER
889898 [main] INFO   - 	 	CROSSOVER
889898 [main] INFO   - 	 	CROSSOVER
889898 [main] INFO   - 	 	IMMIGRANT
889898 [main] INFO   - 	 	CROSSOVER
889898 [main] INFO   - 	 	MUTANT
889898 [main] INFO   - 	 	CROSSOVER
889899 [main] INFO   - 	 	CROSSOVER
889899 [main] INFO   - 	 	CROSSOVER
889899 [main] INFO   - 	 	CROSSOVER
889899 [main] INFO   - 	 	CROSSOVER
889899 [main] INFO   - 	 	IMMIGRANT
889899 [main] INFO   - 	 	INIT
889899 [main] INFO   - 	 	CROSSOVER
889899 [main] INFO   - 	 	CROSSOVER
889899 [main] INFO   - 	 	INIT
889899 [main] INFO   - 	 	MUTANT
889899 [main] INFO   - 	 	MUTANT
889899 [main] INFO   - 	 	IMMIGRANT
889899 [main] INFO   - 	 	CROSSOVER
889899 [main] INFO   - 	 	INIT
889899 [main] INFO   - 	 	CROSSOVER
889899 [main] INFO   - 	 	CROSSOVER
889899 [main] INFO   - 	 	CROSSOVER
889899 [main] INFO   - 	 	IMMIGRANT
889899 [main] INFO   - 	 	INIT
889900 [main] INFO   - 	 	IMMIGRANT
889900 [main] INFO   - 	 	INIT
889900 [main] INFO   - 	 	CROSSOVER
889900 [main] INFO   - 	 	CROSSOVER
889900 [main] INFO   - 	 	INIT
889900 [main] INFO   - 	 	MUTANT
889900 [main] INFO   - 	 	INIT
889900 [main] INFO   - 	 	CROSSOVER
889900 [main] INFO   - 	 	CROSSOVER
889900 [main] INFO   - 	 	CROSSOVER
889900 [main] INFO   - 	 	IMMIGRANT
889900 [main] INFO   - 	 	INIT
889900 [main] INFO   - 	 	INIT
889900 [main] INFO   - 	 	MUTANT
889900 [main] INFO   - 	 	IMMIGRANT
889900 [main] INFO   - 	 	MUTANT
889900 [main] INFO   - 	 	INIT
889900 [main] INFO   - 	 	INIT
889900 [main] INFO   - 	 	IMMIGRANT
889901 [main] INFO   - 	 	IMMIGRANT
889901 [main] INFO   - 	 	MUTANT
889901 [main] INFO   - 	 	INIT
889901 [main] INFO   - 	 	MUTANT
889901 [main] INFO   - 	 	INIT
889901 [main] INFO   - 	 	INIT
889901 [main] INFO   - 	 	INIT
889901 [main] INFO   - 	 	IMMIGRANT
889901 [main] INFO   - 	 	CROSSOVER
889901 [main] INFO   - 	 	INIT
889901 [main] INFO   - 	 	INIT
889901 [main] INFO   - 	 gen=8, median: fit=0.9839194444444445;[5, 7, 8, 11, 20, 23, 26, 31, 37, 38, 43, 47, 1, 4, 10, 15, 22, 25, 28, 34, 35, 36, 39, 45, 3, 6, 9, 12, 16, 18, 24, 32, 33, 42, 44, 48, 2, 13, 14, 17, 19, 21, 27, 29, 30, 40, 41, 46]
889901 [main] INFO   - 	 Mutating...
889904 [main] INFO   - 	 Immigrating...
889905 [main] INFO   - 	 Sorting...
900705 [main] INFO   - 	 Crossing over...
900708 [main] INFO   - 	 Sorting...
911417 [main] INFO   - 	 Culling...
911427 [main] INFO   - 	 Reporting...
911427 [main] INFO   - 	 gen=9, highest: fit=0.9953916666666666;[2, 6, 12, 13, 22, 25, 26, 28, 37, 38, 40, 47, 3, 4, 5, 15, 20, 29, 31, 32, 35, 36, 42, 44, 1, 8, 9, 18, 19, 21, 24, 27, 30, 41, 43, 48, 7, 10, 11, 14, 16, 17, 23, 33, 34, 39, 45, 46]
911427 [main] INFO   - 	 History of the highest (BFS-style)...
911427 [main] INFO   - 	 	CROSSOVER
911427 [main] INFO   - 	 	CROSSOVER
911427 [main] INFO   - 	 	CROSSOVER
911428 [main] INFO   - 	 	CROSSOVER
911428 [main] INFO   - 	 	CROSSOVER
911428 [main] INFO   - 	 	CROSSOVER
911428 [main] INFO   - 	 	CROSSOVER
911428 [main] INFO   - 	 	CROSSOVER
911428 [main] INFO   - 	 	IMMIGRANT
911428 [main] INFO   - 	 	CROSSOVER
911428 [main] INFO   - 	 	MUTANT
911428 [main] INFO   - 	 	CROSSOVER
911428 [main] INFO   - 	 	CROSSOVER
911428 [main] INFO   - 	 	CROSSOVER
911428 [main] INFO   - 	 	CROSSOVER
911428 [main] INFO   - 	 	CROSSOVER
911428 [main] INFO   - 	 	IMMIGRANT
911428 [main] INFO   - 	 	INIT
911428 [main] INFO   - 	 	CROSSOVER
911428 [main] INFO   - 	 	CROSSOVER
911429 [main] INFO   - 	 	INIT
911429 [main] INFO   - 	 	MUTANT
911429 [main] INFO   - 	 	MUTANT
911429 [main] INFO   - 	 	IMMIGRANT
911429 [main] INFO   - 	 	CROSSOVER
911429 [main] INFO   - 	 	INIT
911429 [main] INFO   - 	 	CROSSOVER
911429 [main] INFO   - 	 	CROSSOVER
911429 [main] INFO   - 	 	CROSSOVER
911429 [main] INFO   - 	 	IMMIGRANT
911429 [main] INFO   - 	 	INIT
911429 [main] INFO   - 	 	IMMIGRANT
911429 [main] INFO   - 	 	INIT
911429 [main] INFO   - 	 	CROSSOVER
911429 [main] INFO   - 	 	CROSSOVER
911429 [main] INFO   - 	 	INIT
911429 [main] INFO   - 	 	MUTANT
911429 [main] INFO   - 	 	INIT
911429 [main] INFO   - 	 	CROSSOVER
911429 [main] INFO   - 	 	CROSSOVER
911429 [main] INFO   - 	 	CROSSOVER
911430 [main] INFO   - 	 	IMMIGRANT
911430 [main] INFO   - 	 	INIT
911430 [main] INFO   - 	 	INIT
911430 [main] INFO   - 	 	MUTANT
911430 [main] INFO   - 	 	IMMIGRANT
911430 [main] INFO   - 	 	MUTANT
911430 [main] INFO   - 	 	INIT
911430 [main] INFO   - 	 	INIT
911430 [main] INFO   - 	 	IMMIGRANT
911430 [main] INFO   - 	 	IMMIGRANT
911430 [main] INFO   - 	 	MUTANT
911430 [main] INFO   - 	 	INIT
911430 [main] INFO   - 	 	MUTANT
911430 [main] INFO   - 	 	INIT
911430 [main] INFO   - 	 	INIT
911430 [main] INFO   - 	 	INIT
911430 [main] INFO   - 	 	IMMIGRANT
911430 [main] INFO   - 	 	CROSSOVER
911430 [main] INFO   - 	 	INIT
911430 [main] INFO   - 	 	INIT
911431 [main] INFO   - 	 gen=9, median: fit=0.9844111111111111;[2, 7, 10, 16, 18, 21, 26, 31, 33, 39, 42, 46, 3, 5, 8, 15, 17, 19, 22, 27, 38, 41, 43, 48, 6, 9, 12, 13, 14, 20, 28, 30, 34, 37, 45, 47, 1, 4, 11, 23, 24, 25, 29, 32, 35, 36, 40, 44]
911431 [main] INFO   - 	 Done.
